<?xml version="1.0" encoding="UTF-8"?>
<!-- Generated by org.testng.reporters.JUnitXMLReporter -->
<testsuite ignored="0" hostname="Yugamanis-MacBook-Pro.local" failures="1" tests="3" name="ChromeTest" time="16.413" errors="0" timestamp="2024-11-25T15:34:29 IST">
  <testcase classname="testCases.TC001_AccountRegisterationTest" name="verify_account_registeration" time="2.824"/>
  <testcase classname="testCases.TC002_LoginTest" name="verify_login" time="1.937"/>
  <testcase classname="testCases.TC003_LoginDDT" name="verify_loginDDT" time="0.0">
    <failure type="java.lang.RuntimeException" message="java.io.FileNotFoundException: .\testData\Opencart_LoginData.xlsx (No such file or directory)">
      <![CDATA[java.lang.RuntimeException: java.io.FileNotFoundException: .\testData\Opencart_LoginData.xlsx (No such file or directory)
at java.base/java.util.ArrayList.forEach(ArrayList.java:1597)
Caused by: java.io.FileNotFoundException: .\testData\Opencart_LoginData.xlsx (No such file or directory)
at java.base/java.io.FileInputStream.open0(Native Method)
at java.base/java.io.FileInputStream.open(FileInputStream.java:213)
at java.base/java.io.FileInputStream.<init>(FileInputStream.java:152)
at java.base/java.io.FileInputStream.<init>(FileInputStream.java:106)
at utilities.ExcelUtils.getRowCount(ExcelUtils.java:34)
at utilities.DataProviders.getData(DataProviders.java:18)
... 25 more
... Removed 30 stack frames]]>
    </failure>
  </testcase> <!-- verify_loginDDT -->
</testsuite> <!-- ChromeTest -->
