<?xml version="1.0" encoding="UTF-8"?>
<!-- Generated by org.testng.reporters.JUnitXMLReporter -->
<testsuite ignored="0" hostname="Yugamanis-MacBook-Pro.local" failures="0" tests="2" name="FireFoxTest" time="17.153" errors="0" timestamp="2024-11-25T15:34:46 IST">
  <testcase classname="testCases.TC001_AccountRegisterationTest" name="verify_account_registeration" time="2.891"/>
  <testcase classname="testCases.TC002_LoginTest" name="verify_login" time="1.942"/>
</testsuite> <!-- FireFoxTest -->
